[    0.000000] Linux version 4.15.0-124-generic (buildd@lgw01-amd64-029) (gcc version 7.5.0 (Ubuntu 7.5.0-3ubuntu1~18.04)) #127-Ubuntu SMP Fri Nov 6 10:54:43 UTC 2020 (Ubuntu 4.15.0-124.127-generic 4.15.18)
[    0.000000] Command line: BOOT_IMAGE=/boot/vmlinuz-4.15.0-124-generic root=LABEL=cloudimg-rootfs ro console=tty1 console=ttyS0
[    0.000000] KERNEL supported cpus:
[    0.000000]   Intel GenuineIntel
[    0.000000]   AMD AuthenticAMD
[    0.000000]   Centaur CentaurHauls
[    0.000000] x86/fpu: Supporting XSAVE feature 0x001: 'x87 floating point registers'
[    0.000000] x86/fpu: Supporting XSAVE feature 0x002: 'SSE registers'
[    0.000000] x86/fpu: Supporting XSAVE feature 0x004: 'AVX registers'
[    0.000000] x86/fpu: xstate_offset[2]:  576, xstate_sizes[2]:  256
[    0.000000] x86/fpu: Enabled xstate features 0x7, context size is 832 bytes, using 'standard' format.
[    0.000000] e820: BIOS-provided physical RAM map:
[    0.000000] BIOS-e820: [mem 0x0000000000000000-0x000000000009fbff] usable
[    0.000000] BIOS-e820: [mem 0x000000000009fc00-0x000000000009ffff] reserved
[    0.000000] BIOS-e820: [mem 0x00000000000f0000-0x00000000000fffff] reserved
[    0.000000] BIOS-e820: [mem 0x0000000000100000-0x000000003ffeffff] usable
[    0.000000] BIOS-e820: [mem 0x000000003fff0000-0x000000003fffffff] ACPI data
[    0.000000] BIOS-e820: [mem 0x00000000fec00000-0x00000000fec00fff] reserved
[    0.000000] BIOS-e820: [mem 0x00000000fee00000-0x00000000fee00fff] reserved
[    0.000000] BIOS-e820: [mem 0x00000000fffc0000-0x00000000ffffffff] reserved
[    0.000000] NX (Execute Disable) protection: active
[    0.000000] SMBIOS 2.5 present.
[    0.000000] DMI: innotek GmbH VirtualBox/VirtualBox, BIOS VirtualBox 12/01/2006
[    0.000000] Hypervisor detected: KVM
[    0.000000] e820: last_pfn = 0x3fff0 max_arch_pfn = 0x400000000
[    0.000000] MTRR: Disabled
[    0.000000] x86/PAT: MTRRs disabled, skipping PAT initialization too.
[    0.000000] CPU MTRRs all blank - virtualized system.
[    0.000000] x86/PAT: Configuration [0-7]: WB  WT  UC- UC  WB  WT  UC- UC  
[    0.000000] found SMP MP-table at [mem 0x0009fff0-0x0009ffff]
[    0.000000] Scanning 1 areas for low memory corruption
[    0.000000] RAMDISK: [mem 0x35a67000-0x36d2afff]
[    0.000000] ACPI: Early table checksum verification disabled
[    0.000000] ACPI: RSDP 0x00000000000E0000 000024 (v02 VBOX  )
[    0.000000] ACPI: XSDT 0x000000003FFF0030 00003C (v01 VBOX   VBOXXSDT 00000001 ASL  00000061)
[    0.000000] ACPI: FACP 0x000000003FFF00F0 0000F4 (v04 VBOX   VBOXFACP 00000001 ASL  00000061)
[    0.000000] ACPI: DSDT 0x000000003FFF0470 002325 (v02 VBOX   VBOXBIOS 00000002 INTL 20120111)
[    0.000000] ACPI: FACS 0x000000003FFF0200 000040
[    0.000000] ACPI: FACS 0x000000003FFF0200 000040
[    0.000000] ACPI: APIC 0x000000003FFF0240 00005C (v02 VBOX   VBOXAPIC 00000001 ASL  00000061)
[    0.000000] ACPI: SSDT 0x000000003FFF02A0 0001CC (v01 VBOX   VBOXCPUT 00000002 INTL 20120111)
[    0.000000] No NUMA configuration found
[    0.000000] Faking a node at [mem 0x0000000000000000-0x000000003ffeffff]
[    0.000000] NODE_DATA(0) allocated [mem 0x3ffc5000-0x3ffeffff]
[    0.000000] kvm-clock: cpu 0, msr 0:3ff44001, primary cpu clock
[    0.000000] kvm-clock: Using msrs 4b564d01 and 4b564d00
[    0.000000] kvm-clock: using sched offset of 3929823077 cycles
[    0.000000] clocksource: kvm-clock: mask: 0xffffffffffffffff max_cycles: 0x1cd42e4dffb, max_idle_ns: 881590591483 ns
[    0.000000] Zone ranges:
[    0.000000]   DMA      [mem 0x0000000000001000-0x0000000000ffffff]
[    0.000000]   DMA32    [mem 0x0000000001000000-0x000000003ffeffff]
[    0.000000]   Normal   empty
[    0.000000]   Device   empty
[    0.000000] Movable zone start for each node
[    0.000000] Early memory node ranges
[    0.000000]   node   0: [mem 0x0000000000001000-0x000000000009efff]
[    0.000000]   node   0: [mem 0x0000000000100000-0x000000003ffeffff]
[    0.000000] Reserved but unavailable: 98 pages
[    0.000000] Initmem setup node 0 [mem 0x0000000000001000-0x000000003ffeffff]
[    0.000000] ACPI: PM-Timer IO Port: 0x4008
[    0.000000] IOAPIC[0]: apic_id 2, version 32, address 0xfec00000, GSI 0-23
[    0.000000] ACPI: INT_SRC_OVR (bus 0 bus_irq 0 global_irq 2 dfl dfl)
[    0.000000] ACPI: INT_SRC_OVR (bus 0 bus_irq 9 global_irq 9 low level)
[    0.000000] Using ACPI (MADT) for SMP configuration information
[    0.000000] smpboot: Allowing 2 CPUs, 0 hotplug CPUs
[    0.000000] PM: Registered nosave memory: [mem 0x00000000-0x00000fff]
[    0.000000] PM: Registered nosave memory: [mem 0x0009f000-0x0009ffff]
[    0.000000] PM: Registered nosave memory: [mem 0x000a0000-0x000effff]
[    0.000000] PM: Registered nosave memory: [mem 0x000f0000-0x000fffff]
[    0.000000] e820: [mem 0x40000000-0xfebfffff] available for PCI devices
[    0.000000] Booting paravirtualized kernel on KVM
[    0.000000] clocksource: refined-jiffies: mask: 0xffffffff max_cycles: 0xffffffff, max_idle_ns: 7645519600211568 ns
[    0.000000] random: get_random_bytes called from start_kernel+0x99/0x500 with crng_init=0
[    0.000000] setup_percpu: NR_CPUS:8192 nr_cpumask_bits:2 nr_cpu_ids:2 nr_node_ids:1
[    0.000000] percpu: Embedded 45 pages/cpu s147456 r8192 d28672 u1048576
[    0.000000] PV qspinlock hash table entries: 256 (order: 0, 4096 bytes)
[    0.000000] Built 1 zonelists, mobility grouping on.  Total pages: 257913
[    0.000000] Policy zone: DMA32
[    0.000000] Kernel command line: BOOT_IMAGE=/boot/vmlinuz-4.15.0-124-generic root=LABEL=cloudimg-rootfs ro console=tty1 console=ttyS0
[    0.000000] Memory: 983032K/1048120K available (12300K kernel code, 2482K rwdata, 4272K rodata, 2436K init, 2724K bss, 65088K reserved, 0K cma-reserved)
[    0.000000] SLUB: HWalign=64, Order=0-3, MinObjects=0, CPUs=2, Nodes=1
[    0.000000] Kernel/User page tables isolation: enabled
[    0.000000] ftrace: allocating 39402 entries in 154 pages
[    0.004000] Hierarchical RCU implementation.
[    0.004000] 	RCU restricting CPUs from NR_CPUS=8192 to nr_cpu_ids=2.
[    0.004000] 	Tasks RCU enabled.
[    0.004000] RCU: Adjusting geometry for rcu_fanout_leaf=16, nr_cpu_ids=2
[    0.004000] NR_IRQS: 524544, nr_irqs: 440, preallocated irqs: 16
[    0.004000] Console: colour VGA+ 80x25
[    0.004000] console [tty1] enabled
[    0.004000] console [ttyS0] enabled
[    0.004000] ACPI: Core revision 20170831
[    0.004000] ACPI: 2 ACPI AML tables successfully acquired and loaded
[    0.004000] APIC: Switch to symmetric I/O mode setup
[    0.004000] x2apic enabled
[    0.004000] Switched APIC routing to physical x2apic.
[    0.004000] ..TIMER: vector=0x30 apic1=0 pin1=2 apic2=-1 pin2=-1
[    0.004004] tsc: Detected 2399.998 MHz processor
[    0.004980] Calibrating delay loop (skipped) preset value.. 4799.99 BogoMIPS (lpj=9599992)
[    0.005848] pid_max: default: 32768 minimum: 301
[    0.008044] Security Framework initialized
[    0.008817] Yama: becoming mindful.
[    0.009590] AppArmor: AppArmor initialized
[    0.011839] Dentry cache hash table entries: 131072 (order: 8, 1048576 bytes)
[    0.012047] Inode-cache hash table entries: 65536 (order: 7, 524288 bytes)
[    0.013306] Mount-cache hash table entries: 2048 (order: 2, 16384 bytes)
[    0.014714] Mountpoint-cache hash table entries: 2048 (order: 2, 16384 bytes)
[    0.016230] Last level iTLB entries: 4KB 64, 2MB 8, 4MB 8
[    0.017274] Last level dTLB entries: 4KB 64, 2MB 0, 4MB 0, 1GB 4
[    0.018413] Spectre V1 : Mitigation: usercopy/swapgs barriers and __user pointer sanitization
[    0.020002] Spectre V2 : Mitigation: Full generic retpoline
[    0.021097] Spectre V2 : Spectre v2 / SpectreRSB mitigation: Filling RSB on context switch
[    0.022707] Speculative Store Bypass: Vulnerable
[    0.024071] SRBDS: Unknown: Dependent on hypervisor status
[    0.025135] MDS: Mitigation: Clear CPU buffers
[    0.028144] Freeing SMP alternatives memory: 36K
[    0.138395] smpboot: CPU0: Intel(R) Core(TM) i5-8279U CPU @ 2.40GHz (family: 0x6, model: 0x8e, stepping: 0xa)
[    0.140000] Performance Events: unsupported p6 CPU model 142 no PMU driver, software events only.
[    0.140041] Hierarchical SRCU implementation.
[    0.141580] NMI watchdog: Perf event create on CPU 0 failed with -2
[    0.142733] NMI watchdog: Perf NMI watchdog permanently disabled
[    0.144038] smp: Bringing up secondary CPUs ...
[    0.144945] x86: Booting SMP configuration:
[    0.146084] .... node  #0, CPUs:      #1
[    0.004000] kvm-clock: cpu 1, msr 0:3ff44041, secondary cpu clock
[    0.151452] smp: Brought up 1 node, 2 CPUs
[    0.152004] smpboot: Max logical packages: 1
[    0.152809] smpboot: Total of 2 processors activated (9599.99 BogoMIPS)
[    0.154202] devtmpfs: initialized
[    0.154202] x86/mm: Memory block size: 128MB
[    0.156122] evm: security.selinux
[    0.156897] evm: security.SMACK64
[    0.157754] evm: security.SMACK64EXEC
[    0.158774] evm: security.SMACK64TRANSMUTE
[    0.160005] evm: security.SMACK64MMAP
[    0.161099] evm: security.apparmor
[    0.162138] evm: security.ima
[    0.163018] evm: security.capability
[    0.164145] clocksource: jiffies: mask: 0xffffffff max_cycles: 0xffffffff, max_idle_ns: 7645041785100000 ns
[    0.167241] futex hash table entries: 512 (order: 3, 32768 bytes)
[    0.169186] pinctrl core: initialized pinctrl subsystem
[    0.172135] RTC time: 10:52:07, date: 11/24/20
[    0.173991] NET: Registered protocol family 16
[    0.175117] audit: initializing netlink subsys (disabled)
[    0.176047] audit: type=2000 audit(1606215132.731:1): state=initialized audit_enabled=0 res=1
[    0.180014] cpuidle: using governor ladder
[    0.180866] cpuidle: using governor menu
[    0.181970] ACPI: bus type PCI registered
[    0.183551] acpiphp: ACPI Hot Plug PCI Controller Driver version: 0.5
[    0.184112] PCI: Using configuration type 1 for base access
[    0.185189] HugeTLB registered 2.00 MiB page size, pre-allocated 0 pages
[    0.188099] ACPI: Added _OSI(Module Device)
[    0.192004] ACPI: Added _OSI(Processor Device)
[    0.192855] ACPI: Added _OSI(3.0 _SCP Extensions)
[    0.193740] ACPI: Added _OSI(Processor Aggregator Device)
[    0.194742] ACPI: Added _OSI(Linux-Dell-Video)
[    0.196003] ACPI: Added _OSI(Linux-Lenovo-NV-HDMI-Audio)
[    0.197577] ACPI: Added _OSI(Linux-HPI-Hybrid-Graphics)
[    0.200114] ACPI: Executed 1 blocks of module-level executable AML code
[    0.204048] ACPI: Interpreter enabled
[    0.204856] ACPI: (supports S0 S5)
[    0.205512] ACPI: Using IOAPIC for interrupt routing
[    0.206693] PCI: Using host bridge windows from ACPI; if necessary, use "pci=nocrs" and report a bug
[    0.208203] ACPI: Enabled 2 GPEs in block 00 to 07
[    0.216095] ACPI: PCI Root Bridge [PCI0] (domain 0000 [bus 00-ff])
[    0.217558] acpi PNP0A03:00: _OSC: OS supports [ASPM ClockPM Segments MSI]
[    0.219630] acpi PNP0A03:00: _OSC: not requesting OS control; OS requires [ExtendedConfig ASPM ClockPM MSI]
[    0.220054] acpi PNP0A03:00: fail to add MMCONFIG information, can't access extended PCI configuration space under this bridge.
[    0.225019] PCI host bridge to bus 0000:00
[    0.228011] pci_bus 0000:00: root bus resource [io  0x0000-0x0cf7 window]
[    0.230663] pci_bus 0000:00: root bus resource [io  0x0d00-0xffff window]
[    0.232010] pci_bus 0000:00: root bus resource [mem 0x000a0000-0x000bffff window]
[    0.236010] pci_bus 0000:00: root bus resource [mem 0x40000000-0xfdffffff window]
[    0.240038] pci_bus 0000:00: root bus resource [bus 00-ff]
[    0.250218] pci 0000:00:01.1: legacy IDE quirk: reg 0x10: [io  0x01f0-0x01f7]
[    0.252036] pci 0000:00:01.1: legacy IDE quirk: reg 0x14: [io  0x03f6]
[    0.254800] pci 0000:00:01.1: legacy IDE quirk: reg 0x18: [io  0x0170-0x0177]
[    0.256007] pci 0000:00:01.1: legacy IDE quirk: reg 0x1c: [io  0x0376]
[    0.280538] pci 0000:00:07.0: quirk: [io  0x4000-0x403f] claimed by PIIX4 ACPI
[    0.284125] pci 0000:00:07.0: quirk: [io  0x4100-0x410f] claimed by PIIX4 SMB
[    0.301641] ACPI: PCI Interrupt Link [LNKA] (IRQs 5 9 10 *11)
[    0.304000] ACPI: PCI Interrupt Link [LNKB] (IRQs 5 9 *10 11)
[    0.304215] ACPI: PCI Interrupt Link [LNKC] (IRQs 5 *9 10 11)
[    0.306023] ACPI: PCI Interrupt Link [LNKD] (IRQs 5 9 10 *11)
[    0.308695] SCSI subsystem initialized
[    0.309761] pci 0000:00:02.0: vgaarb: setting as boot VGA device
[    0.309761] pci 0000:00:02.0: vgaarb: VGA device added: decodes=io+mem,owns=io+mem,locks=none
[    0.312011] pci 0000:00:02.0: vgaarb: bridge control possible
[    0.313871] vgaarb: loaded
[    0.315768] ACPI: bus type USB registered
[    0.316048] usbcore: registered new interface driver usbfs
[    0.320024] usbcore: registered new interface driver hub
[    0.324050] usbcore: registered new device driver usb
[    0.326185] EDAC MC: Ver: 3.0.0
[    0.328275] PCI: Using ACPI for IRQ routing
[    0.329799] NetLabel: Initializing
[    0.332008] NetLabel:  domain hash size = 128
[    0.333615] NetLabel:  protocols = UNLABELED CIPSOv4 CALIPSO
[    0.335489] NetLabel:  unlabeled traffic allowed by default
[    0.336137] clocksource: Switched to clocksource kvm-clock
[    0.353632] VFS: Disk quotas dquot_6.6.0
[    0.356113] VFS: Dquot-cache hash table entries: 512 (order 0, 4096 bytes)
[    0.359263] AppArmor: AppArmor Filesystem Enabled
[    0.361808] pnp: PnP ACPI init
[    0.364742] pnp: PnP ACPI: found 3 devices
[    0.379788] clocksource: acpi_pm: mask: 0xffffff max_cycles: 0xffffff, max_idle_ns: 2085701024 ns
[    0.397578] NET: Registered protocol family 2
[    0.400628] TCP established hash table entries: 8192 (order: 4, 65536 bytes)
[    0.403791] TCP bind hash table entries: 8192 (order: 5, 131072 bytes)
[    0.407870] TCP: Hash tables configured (established 8192 bind 8192)
[    0.409902] UDP hash table entries: 512 (order: 2, 16384 bytes)
[    0.411803] UDP-Lite hash table entries: 512 (order: 2, 16384 bytes)
[    0.414586] NET: Registered protocol family 1
[    0.416482] pci 0000:00:00.0: Limiting direct PCI/PCI transfers
[    0.418327] pci 0000:00:01.0: Activating ISA DMA hang workarounds
[    0.420604] pci 0000:00:02.0: Video device with shadowed ROM at [mem 0x000c0000-0x000dffff]
[    0.425328] Unpacking initramfs...
[    0.736165] Freeing initrd memory: 19216K
[    0.737948] clocksource: tsc: mask: 0xffffffffffffffff max_cycles: 0x229835b7123, max_idle_ns: 440795242976 ns
[    0.740604] platform rtc_cmos: registered platform RTC device (no PNP device found)
[    0.742438] Scanning for low memory corruption every 60 seconds
[    0.744745] Initialise system trusted keyrings
[    0.745944] Key type blacklist registered
[    0.747138] workingset: timestamp_bits=36 max_order=18 bucket_order=0
[    0.749235] zbud: loaded
[    0.750163] squashfs: version 4.0 (2009/01/31) Phillip Lougher
[    0.751440] fuse init (API version 7.26)
[    0.754703] Key type asymmetric registered
[    0.755740] Asymmetric key parser 'x509' registered
[    0.757193] Block layer SCSI generic (bsg) driver version 0.4 loaded (major 246)
[    0.758974] io scheduler noop registered
[    0.760116] io scheduler deadline registered
[    0.761044] io scheduler cfq registered (default)
[    0.762417] ACPI: AC Adapter [AC] (on-line)
[    0.763281] input: Power Button as /devices/LNXSYSTM:00/LNXPWRBN:00/input/input0
[    0.764827] ACPI: Power Button [PWRF]
[    0.765800] input: Sleep Button as /devices/LNXSYSTM:00/LNXSLPBN:00/input/input1
[    0.767174] ACPI: Sleep Button [SLPF]
[    0.769214] ACPI: Battery Slot [BAT0] (battery present)
[    0.770547] Serial: 8250/16550 driver, 32 ports, IRQ sharing enabled
[    0.793653] 00:02: ttyS0 at I/O 0x3f8 (irq = 4, base_baud = 115200) is a 16550A
[    0.797337] Linux agpgart interface v0.103
[    0.799490] loop: module loaded
[    0.800639] scsi host0: ata_piix
[    0.801498] scsi host1: ata_piix
[    0.802146] ata1: PATA max UDMA/33 cmd 0x1f0 ctl 0x3f6 bmdma 0xd000 irq 14
[    0.803412] ata2: PATA max UDMA/33 cmd 0x170 ctl 0x376 bmdma 0xd008 irq 15
[    0.805320] libphy: Fixed MDIO Bus: probed
[    0.806497] tun: Universal TUN/TAP device driver, 1.6
[    0.807876] PPP generic driver version 2.4.2
[    0.809120] ehci_hcd: USB 2.0 'Enhanced' Host Controller (EHCI) Driver
[    0.810310] ehci-pci: EHCI PCI platform driver
[    0.811174] ehci-platform: EHCI generic platform driver
[    0.812147] ohci_hcd: USB 1.1 'Open' Host Controller (OHCI) Driver
[    0.813522] ohci-pci: OHCI PCI platform driver
[    0.814379] ohci-platform: OHCI generic platform driver
[    0.815345] uhci_hcd: USB Universal Host Controller Interface driver
[    0.816586] i8042: PNP: PS/2 Controller [PNP0303:PS2K,PNP0f03:PS2M] at 0x60,0x64 irq 1,12
[    0.818807] serio: i8042 KBD port at 0x60,0x64 irq 1
[    0.819899] serio: i8042 AUX port at 0x60,0x64 irq 12
[    0.821577] mousedev: PS/2 mouse device common for all mice
[    0.824056] input: AT Translated Set 2 keyboard as /devices/platform/i8042/serio0/input/input2
[    0.825902] rtc_cmos rtc_cmos: rtc core: registered rtc_cmos as rtc0
[    0.827613] rtc_cmos rtc_cmos: alarms up to one day, 114 bytes nvram
[    0.828886] i2c /dev entries driver
[    0.829716] device-mapper: uevent: version 1.0.3
[    0.830654] device-mapper: ioctl: 4.37.0-ioctl (2017-09-20) initialised: dm-devel@redhat.com
[    0.832286] ledtrig-cpu: registered to indicate activity on CPUs
[    0.833987] NET: Registered protocol family 10
[    0.838986] Segment Routing with IPv6
[    0.840236] NET: Registered protocol family 17
[    0.841409] Key type dns_resolver registered
[    0.842535] mce: Using 0 MCE banks
[    0.843389] RAS: Correctable Errors collector initialized.
[    0.844752] sched_clock: Marking stable (844603896, 0)->(1009768480, -165164584)
[    0.846585] registered taskstats version 1
[    0.847478] Loading compiled-in X.509 certificates
[    0.850244] Loaded X.509 cert 'Build time autogenerated kernel key: be62403dcace2d46f96dafa9f42421c610ef3c2a'
[    0.852070] zswap: loaded using pool lzo/zbud
[    0.856577] Key type big_key registered
[    0.857442] Key type trusted registered
[    0.859722] Key type encrypted registered
[    0.860526] AppArmor: AppArmor sha1 policy hashing enabled
[    0.861540] ima: No TPM chip found, activating TPM-bypass! (rc=-19)
[    0.862682] ima: Allocated hash algorithm: sha1
[    0.863533] evm: HMAC attrs: 0x1
[    0.864531]   Magic number: 12:234:882
[    0.865297]   hash matches /build/linux-RJNBJC/linux-4.15.0/drivers/base/power/main.c:1358
[    0.866882] rtc_cmos rtc_cmos: setting system clock to 2020-11-24 10:52:07 UTC (1606215127)
[    0.868839] BIOS EDD facility v0.16 2004-Jun-25, 0 devices found
[    0.870414] EDD information not available.
[    1.175245] Freeing unused kernel image memory: 2436K
[    1.896158] Write protecting the kernel read-only data: 20480k
[    1.898727] Freeing unused kernel image memory: 2008K
[    1.900380] Freeing unused kernel image memory: 1872K
[    1.906359] x86/mm: Checked W+X mappings: passed, no W+X pages found.
[    1.908147] x86/mm: Checking user space page tables
[    1.913521] x86/mm: Checked W+X mappings: passed, no W+X pages found.
Loading, please wait...
starting version 237
[    1.963831] e1000: Intel(R) PRO/1000 Network Driver - version 7.3.21-k8-NAPI
[    1.965775] e1000: Copyright (c) 1999-2006 Intel Corporation.
[    1.972281] Fusion MPT base driver 3.04.20
[    1.973565] Copyright (c) 1999-2008 LSI Corporation
[    1.977180] Fusion MPT SPI Host driver 3.04.20
[    1.998316] AVX2 version of gcm_enc/dec engaged.
[    1.999807] AES CTR mode by8 optimization enabled
[    2.185111] input: ImExPS/2 Generic Explorer Mouse as /devices/platform/i8042/serio1/input/input4
[    2.381551] e1000 0000:00:03.0 eth0: (PCI:33MHz:32-bit) 02:45:4d:8a:ec:99
[    2.383258] e1000 0000:00:03.0 eth0: Intel(R) PRO/1000 Network Connection
[    2.385750] mptbase: ioc0: Initiating bringup
[    2.480691] ioc0: LSI53C1030 A0: Capabilities={Initiator}
[    2.723169] scsi host2: ioc0: LSI53C1030 A0, FwRev=00000000h, Ports=1, MaxQ=256, IRQ=20
[    2.893765] scsi 2:0:0:0: Direct-Access     VBOX     HARDDISK         1.0  PQ: 0 ANSI: 5
[    2.944113] scsi target2:0:0: Beginning Domain Validation
[    2.946781] scsi target2:0:0: Domain Validation skipping write tests
[    2.948252] scsi target2:0:0: Ending Domain Validation
[    2.949468] scsi target2:0:0: asynchronous
[    2.950656] scsi 2:0:1:0: Direct-Access     VBOX     HARDDISK         1.0  PQ: 0 ANSI: 5
[    3.288610] scsi target2:0:1: Beginning Domain Validation
[    3.291422] random: fast init done
[    3.292375] scsi target2:0:1: Domain Validation skipping write tests
[    3.293595] scsi target2:0:1: Ending Domain Validation
[    3.294684] scsi target2:0:1: asynchronous
[    3.298669] random: systemd-udevd: uninitialized urandom read (16 bytes read)
[    3.300019] random: systemd-udevd: uninitialized urandom read (16 bytes read)
[    3.301414] random: systemd-udevd: uninitialized urandom read (16 bytes read)
[    3.303132] sd 2:0:0:0: Attached scsi generic sg0 type 0
[    3.304888] sd 2:0:0:0: [sda] 20971520 512-byte logical blocks: (10.7 GB/10.0 GiB)
[    3.305018] sd 2:0:1:0: Attached scsi generic sg1 type 0
[    3.312890] sd 2:0:0:0: [sda] Write Protect is off
[    3.315487] sd 2:0:0:0: [sda] Incomplete mode parameter data
[    3.316673] sd 2:0:0:0: [sda] Assuming drive cache: write through
[    3.320074] sd 2:0:1:0: [sdb] 20480 512-byte logical blocks: (10.5 MB/10.0 MiB)
[    3.322080] sd 2:0:1:0: [sdb] Write Protect is off
[    3.323253] sd 2:0:1:0: [sdb] Incomplete mode parameter data
[    3.325412] sd 2:0:1:0: [sdb] Assuming drive cache: write through
[    3.325770] e1000 0000:00:08.0 eth1: (PCI:33MHz:32-bit) 08:00:27:e7:84:d5
[    3.328095]  sda: sda1
[    3.328246] e1000 0000:00:08.0 eth1: Intel(R) PRO/1000 Network Connection
[    3.329453] sd 2:0:0:0: [sda] Attached SCSI disk
[    3.332328] e1000 0000:00:03.0 enp0s3: renamed from eth0
[    3.333896] sd 2:0:1:0: [sdb] Attached SCSI disk
[    3.348633] e1000 0000:00:08.0 enp0s8: renamed from eth1
Begin: Loading essential drivers ... [    4.724320] raid6: sse2x1   gen() 11979 MB/s
[    4.772282] raid6: sse2x1   xor()  8642 MB/s
[    4.820384] raid6: sse2x2   gen() 14822 MB/s
[    4.868181] raid6: sse2x2   xor()  9798 MB/s
[    4.916087] raid6: sse2x4   gen() 14689 MB/s
[    4.964155] raid6: sse2x4   xor()  9574 MB/s
[    5.012266] raid6: avx2x1   gen() 24331 MB/s
[    5.060205] raid6: avx2x1   xor() 16157 MB/s
[    5.108056] raid6: avx2x2   gen() 28605 MB/s
[    5.156265] raid6: avx2x2   xor() 18853 MB/s
[    5.204056] raid6: avx2x4   gen() 32630 MB/s
[    5.252206] raid6: avx2x4   xor() 20957 MB/s
[    5.253590] raid6: using algorithm avx2x4 gen() 32630 MB/s
[    5.255348] raid6: .... xor() 20957 MB/s, rmw enabled
[    5.256891] raid6: using avx2x2 recovery algorithm
[    5.259768] xor: automatically using best checksumming function   avx       
[    5.262701] async_tx: api initialized (async)
done.
Begin: Running /scripts/init-premount ... done.
Begin: Mounting root file system ... Begin: Running /scripts/local-top ... done.
Begin: Running /scripts/local-premount ... [    5.302649] Btrfs loaded, crc32c=crc32c-intel
Scanning for Btrfs filesystems
done.
Warning: fsck not present, so skipping root file system
[    5.329006] EXT4-fs (sda1): mounted filesystem with ordered data mode. Opts: (null)
done.
Begin: Running /scripts/local-bottom ... done.
Begin: Running /scripts/init-bottom ... done.
[    5.474781] ip_tables: (C) 2000-2006 Netfilter Core Team
[    5.483403] systemd[1]: systemd 237 running in system mode. (+PAM +AUDIT +SELINUX +IMA +APPARMOR +SMACK +SYSVINIT +UTMP +LIBCRYPTSETUP +GCRYPT +GNUTLS +ACL +XZ +LZ4 +SECCOMP +BLKID +ELFUTILS +KMOD -IDN2 +IDN -PCRE2 default-hierarchy=hybrid)
[    5.487845] systemd[1]: Detected virtualization oracle.
[    5.489362] systemd[1]: Detected architecture x86-64.

Welcome to [1mUbuntu 18.04.5 LTS[0m!

[    5.494247] systemd[1]: Set hostname to <ubuntu>.
[    5.498111] systemd[1]: Initializing machine ID from random generator.
[    5.499444] systemd[1]: Installed transient /etc/machine-id file.
[    5.686534] systemd[1]: Started Forward Password Requests to Wall Directory Watch.
[[0;32m  OK  [0m] Started Forward Password Requests to Wall Directory Watch.
[    5.689162] systemd[1]: Reached target Swap.
[[0;32m  OK  [0m] Reached target Swap.
[    5.690612] systemd[1]: Reached target User and Group Name Lookups.
[[0;32m  OK  [0m] Reached target User and Group Name Lookups.
[    5.694017] systemd[1]: Created slice System Slice.
[[0;32m  OK  [0m] Created slice System Slice.
[[0;32m  OK  [0m] Listening on /dev/initctl Compatibility Named Pipe.
[[0;32m  OK  [0m] Listening on LVM2 metadata daemon socket.
[[0;32m  OK  [0m] Listening on udev Control Socket.
[[0;32m  OK  [0m] Created slice User and Session Slice.
[[0;32m  OK  [0m] Listening on Network Service Netlink Socket.
[[0;32m  OK  [0m] Created slice system-serial\x2dgetty.slice.
[[0;32m  OK  [0m] Set up automount Arbitrary Executab…rmats File System Automount Point.
[[0;32m  OK  [0m] Listening on Syslog Socket.
[[0;32m  OK  [0m] Listening on Device-mapper event daemon FIFOs.
[[0;32m  OK  [0m] Listening on udev Kernel Socket.
[[0;32m  OK  [0m] Listening on LVM2 poll daemon socket.
[[0;32m  OK  [0m] Reached target Slices.
[[0;32m  OK  [0m] Listening on Journal Audit Socket.
[[0;32m  OK  [0m] Reached target System Time Synchronized.
[[0;32m  OK  [0m] Listening on Journal Socket.
         Starting Uncomplicated firewall...
         Mounting Huge Pages File System...
         Starting Monitoring of LVM2 mirrors…ng dmeventd or progress polling...
         Mounting POSIX Message Queue File System...
         Starting udev Coldplug all Devices...
         Starting Remount Root and Kernel File Systems...
         Starting Create list of required st…ce nodes for the current kernel...
         Mounting Kernel Debug File System...
         Starting Set the console keyboard layout...
[[0;32m  OK  [0m] Listening on Journal Socket (/dev/log).
         Starting Journal Service...
         Starting Load Kernel Modules...
[[0;32m  OK  [0m] Started Uncomplicated firewall.
[[0;32m  OK  [0m] Mounted Huge Pages File System.
[[0;32m  OK  [0m] Mounted POSIX Message Queue File System.
[[0;32m  OK  [0m] Started Create list of required sta…vice nodes for the current kernel.
[[0;32m  OK  [0m] Mounted Kernel Debug File System.
[[0;32m  OK  [0m] Started LVM2 metadata daemon.
         Starting Create Static Device Nodes in /dev...
[    5.821973] EXT4-fs (sda1): re-mounted. Opts: (null)
[[0;32m  OK  [0m] Started Journal Service.
[    5.831649] Loading iSCSI transport class v2.0-870.
[    5.837604] iscsi: registered transport (tcp)
[[0;32m  OK  [0m] Started Remount Root and Kernel File Systems.
[[0;32m  OK  [0m] Started udev Coldplug all Devices.
         Starting Load/Save Random Seed...
         Starting Flush Journal to Persistent Storage...
[[0;32m  OK  [0m] Started Create Static Device Nodes in /dev.
         Starting udev Kernel Device Manager...
[    5.885366] iscsi: registered transport (iser)
[[0;32m  OK  [0m] Started Load Kernel Modules.
         Mounting Kernel Configuration File System...
         Mounting FUSE Control File System...
         Starting Apply Kernel Variables...
[[0;32m  OK  [0m] Started Monitoring of LVM2 mirrors,…sing dmeventd or progress polling.
[[0;32m  OK  [0m] Mounted Kernel Configuration File System.
[[0;32m  OK  [0m] Mounted FUSE Control File System.
[[0;32m  OK  [0m] Started Load/Save Random Seed.
[    5.917210] systemd-journald[420]: Received request to flush runtime journal from PID 1
[[0;32m  OK  [0m] Started udev Kernel Device Manager.
[[0;32m  OK  [0m] Started Apply Kernel Variables.
[[0;32m  OK  [0m] Started Set the console keyboard layout.
[[0;32m  OK  [0m] Started Dispatch Password Requests to Console Directory Watch.
[[0;32m  OK  [0m] Reached target Local Encrypted Volumes.
[[0;32m  OK  [0m] Reached target Local File Systems (Pre).
[[0;32m  OK  [0m] Reached target Local File Systems.
         Starting ebtables ruleset management...
         Starting Set console font and keymap...
         Starting Commit a transient machine-id on disk...
         Starting AppArmor initialization...
         Starting Tell Plymouth To Write Out Runtime Data...
[[0;32m  OK  [0m] Started Flush Journal to Persistent Storage.
[[0;32m  OK  [0m] Started Set console font and keymap.
         Starting Create Volatile Files and Directories...
[[0;32m  OK  [0m] Started Tell Plymouth To Write Out Runtime Data.
[[0;32m  OK  [0m] Started Create Volatile Files and Directories.
         Starting Update UTMP about System Boot/Shutdown...
[[0;32m  OK  [0m] Started Commit a transient machine-id on disk.
[[0;32m  OK  [0m] Started Update UTMP about System Boot/Shutdown.
[[0;32m  OK  [0m] Started ebtables ruleset management.
[[0;32m  OK  [0m] Found device /dev/ttyS0.
[[0;32m  OK  [0m] Listening on Load/Save RF Kill Switch Status /dev/rfkill Watch.
[[0;32m  OK  [0m] Started AppArmor initialization.
         Starting Load AppArmor profiles managed internally by snapd...
         Starting Initial cloud-init job (pre-networking)...
[[0;32m  OK  [0m] Started Load AppArmor profiles managed internally by snapd.
[    7.832861] cloud-init[579]: Cloud-init v. 20.3-2-g371b392c-0ubuntu1~18.04.1 running 'init-local' at Tue, 24 Nov 2020 10:52:14 +0000. Up 7.52 seconds.
[[0;32m  OK  [0m] Started Initial cloud-init job (pre-networking).
[[0;32m  OK  [0m] Reached target Network (Pre).
         Starting Network Service...
[[0;32m  OK  [0m] Started Network Service.
         Starting Wait for Network to be Configured...
         Starting Network Name Resolution...
[[0;32m  OK  [0m] Started Network Name Resolution.
[[0;32m  OK  [0m] Reached target Network.
[[0;32m  OK  [0m] Reached target Host and Network Name Lookups.
[[0;32m  OK  [0m] Started Wait for Network to be Configured.
         Starting Initial cloud-init job (metadata service crawler)...
[    9.707198] cloud-init[691]: Cloud-init v. 20.3-2-g371b392c-0ubuntu1~18.04.1 running 'init' at Tue, 24 Nov 2020 10:52:16 +0000. Up 9.58 seconds.
[    9.708349] cloud-init[691]: ci-info: ++++++++++++++++++++++++++++++++++++++Net device info+++++++++++++++++++++++++++++++++++++++
[    9.709937] cloud-init[691]: ci-info: +--------+-------+----------------------------+---------------+--------+-------------------+
[    9.711765] cloud-init[691]: ci-info: | Device |   Up  |          Address           |      Mask     | Scope  |     Hw-Address    |
[    9.724199] cloud-init[691]: ci-info: +--------+-------+----------------------------+---------------+--------+-------------------+
[    9.736188] cloud-init[691]: ci-info: | enp0s3 |  True |         10.0.2.15          | 255.255.255.0 | global | 02:45:4d:8a:ec:99 |
[    9.737778] cloud-init[691]: ci-info: | enp0s3 |  True | fe80::45:4dff:fe8a:ec99/64 |       .       |  link  | 02:45:4d:8a:ec:99 |
[    9.739620] cloud-init[691]: ci-info: | enp0s8 | False |             .              |       .       |   .    | 08:00:27:e7:84:d5 |
[    9.741470] cloud-init[691]: ci-info: |   lo   |  True |         127.0.0.1          |   255.0.0.0   |  host  |         .         |
[    9.743449] cloud-init[691]: ci-info: |   lo   |  True |          ::1/128           |       .       |  host  |         .         |
[    9.745316] cloud-init[691]: ci-info: +--------+-------+----------------------------+---------------+--------+-------------------+
[    9.747948] cloud-init[691]: ci-info: ++++++++++++++++++++++++++++Route IPv4 info+++++++++++++++++++++++++++++
[    9.749961] cloud-init[691]: ci-info: +-------+-------------+----------+-----------------+-----------+-------+
[    9.751831] cloud-init[691]: ci-info: | Route | Destination | Gateway  |     Genmask     | Interface | Flags |
[    9.753784] cloud-init[691]: ci-info: +-------+-------------+----------+-----------------+-----------+-------+
[    9.755649] cloud-init[691]: ci-info: |   0   |   0.0.0.0   | 10.0.2.2 |     0.0.0.0     |   enp0s3  |   UG  |
[    9.757175] cloud-init[691]: ci-info: |   1   |   10.0.2.0  | 0.0.0.0  |  255.255.255.0  |   enp0s3  |   U   |
[    9.758794] cloud-init[691]: ci-info: |   2   |   10.0.2.2  | 0.0.0.0  | 255.255.255.255 |   enp0s3  |   UH  |
[    9.760420] cloud-init[691]: ci-info: +-------+-------------+----------+-----------------+-----------+-------+
[    9.762028] cloud-init[691]: ci-info: +++++++++++++++++++Route IPv6 info+++++++++++++++++++
[    9.763494] cloud-init[691]: ci-info: +-------+-------------+---------+-----------+-------+
[    9.764880] cloud-init[691]: ci-info: | Route | Destination | Gateway | Interface | Flags |
[    9.768251] cloud-init[691]: ci-info: +-------+-------------+---------+-----------+-------+
[    9.769799] cloud-init[691]: ci-info: |   1   |  fe80::/64  |    ::   |   enp0s3  |   U   |
[    9.771420] cloud-init[691]: ci-info: |   3   |    local    |    ::   |   enp0s3  |   U   |
[    9.772906] cloud-init[691]: ci-info: |   4   |   ff00::/8  |    ::   |   enp0s3  |   U   |
[    9.774182] cloud-init[691]: ci-info: +-------+-------------+---------+-----------+-------+
[   10.425863] cloud-init[691]: Generating public/private rsa key pair.
[   10.428193] cloud-init[691]: Your identification has been saved in /etc/ssh/ssh_host_rsa_key.
[   10.430758] cloud-init[691]: Your public key has been saved in /etc/ssh/ssh_host_rsa_key.pub.
[   10.432901] cloud-init[691]: The key fingerprint is:
[   10.434032] cloud-init[691]: SHA256:wfqxFyk7KqheJqgNnjaOEruyK0pEzKgdIss2/bjvYj4 root@ubuntu-bionic
[   10.436514] cloud-init[691]: The key's randomart image is:
[   10.437882] cloud-init[691]: +---[RSA 2048]----+
[   10.439108] cloud-init[691]: |                 |
[   10.440299] cloud-init[691]: |+      .         |
[   10.441524] cloud-init[691]: |++.     o        |
[   10.443094] cloud-init[691]: |=+..   . . .     |
[   10.444707] cloud-init[691]: |o=..  . S o      |
[   10.446036] cloud-init[691]: |= . o  . = .     |
[   10.447660] cloud-init[691]: |o= = .  = .      |
[   10.449471] cloud-init[691]: |X=*Eo  . o       |
[   10.450796] cloud-init[691]: |^X=o=+.          |
[   10.452549] cloud-init[691]: +----[SHA256]-----+
[   10.454088] cloud-init[691]: Generating public/private dsa key pair.
[   10.455946] cloud-init[691]: Your identification has been saved in /etc/ssh/ssh_host_dsa_key.
[   10.458159] cloud-init[691]: Your public key has been saved in /etc/ssh/ssh_host_dsa_key.pub.
[   10.460472] cloud-init[691]: The key fingerprint is:
[   10.462196] cloud-init[691]: SHA256:K3Pm8ly33p91wem+bJmg0cXDwX111sKjLSeA2jxh1VQ root@ubuntu-bionic
[   10.464666] cloud-init[691]: The key's randomart image is:
[   10.466503] cloud-init[691]: +---[DSA 1024]----+
[   10.467856] cloud-init[691]: |         o.o.oE B|
[   10.469312] cloud-init[691]: |        + . . ++=|
[   10.470901] cloud-init[691]: |       = . . oooo|
[   10.471991] cloud-init[691]: |      . +   + +=.|
[   10.473139] cloud-init[691]: |        S.  .+.+.|
[   10.474386] cloud-init[691]: |         . . o. .|
[   10.475684] cloud-init[691]: |      o + . + ..=|
[   10.477209] cloud-init[691]: |      .B . o oo++|
[   10.478659] cloud-init[691]: |       o+  .o o*o|
[   10.480033] cloud-init[691]: +----[SHA256]-----+
[   10.481668] cloud-init[691]: Generating public/private ecdsa key pair.
[   10.483309] cloud-init[691]: Your identification has been saved in /etc/ssh/ssh_host_ecdsa_key.
[[   10.488404] cloud-init[691]: Your public key has been saved in /etc/ssh/ssh_host_ecdsa_key.pub.
[0;32m  OK  [0m] Started Initial cloud-init job (metadata service crawler).
[   10.488612] cloud-init[691]: The key fingerprint is:
[   10.491436] cloud-init[691]: SHA256:38zvfpy5PMU9gDMGH0r707KvVONO8ZRKOPCigK6yITI root@ubuntu-bionic
[[   10.493110] [0;32m  OK  [0mcloud-init] [691]: Reached target Cloud-config availability.The key's randomart image is:

[[   10.504665] cloud-init[691]: +---[ECDSA 256]---+
[   10.504783] cloud-init[691]: |                 |
[   10.505348] cloud-init[691]: |         o .     |
[   10.506031] cloud-init[691]: |        ..= o    |
[   10.506667] cloud-init[691]: |    .    oo*..  .|
[0;32m  OK  [0m] Reached target Network is Online.
[   10.507040] cloud-init[691]: |   . .  S.o++=.+.|
[   10.509997] cloud-init[691]: |  .   . ...B=.*.+|
[   10.510784] cloud-init[691]: |E  .   .  ..B+ o=|
[   10.511619] cloud-init[691]: |+o.       ..o..+o|
[   10.512651] cloud-init[691]: |oo         .o=++o|
[   10.513605] cloud-init[691]: +----[SHA256]-----+
[   10.514679] cloud-init[691]: Generating public/private ed25519 key pair.
[   10.528278] cloud-init[691]: Your identification has been saved in /etc/ssh/ssh_host_ed25519_key.
[   10.528345] cloud-init[691]: Your public key has been saved in /etc/ssh/ssh_host_ed25519_key.pub.
[   10.528376] cloud-init[691]: The key fingerprint is:
[   10.528615] cloud-init[691]: SHA256:vOyFNdZlnR2iLozM0O+CfX07ljGu13Ik5LuX67k0J4U root@ubuntu-bionic
[   10.528645] cloud-init[691]: The key's randomart image is:
[   10.528672] cloud-init[691]: +--[ED25519 256]--+
         Starting Availability of block devices...
[   10.528932] cloud-init[691]: |             . . |
[[0;32m  OK  [0m] Reached target Remote File Systems (Pre).[   10.556721] 
cloud-init[691]: |      .     . ..+|
[[0;32m  OK  [0m[   10.568326] ] cloud-initReached target Remote File Systems.[691]: 
|     . .   .  o.o|
[[   10.580752] [0;32m  OK  [0mcloud-init] [691]: Reached target System Initialization.|      +.+ .. + . |

[[0;32m  OK  [0m] Listening on D-Bus System Message Bus Socket.
[   10.581984] cloud-init[691]: |       +S++.+ E .|
[[   10.583412] cloud-init[691]: |      o..=o. = o |
[   10.583511] cloud-init[691]: |     . o+o....Xoo|
[0;32m  OK  [0m] Listening on UUID daemon activation socket.
[   10.584104] cloud-init[691]: |       .o.  .Oo*+|
[[0;32m  OK  [0m] Started Message of the Day.
[   10.597121] cloud-init[691]: |        .  .+oB=o|
[[   10.620308] cloud-init[691]: +----[SHA256]-----+
[0;32m  OK  [0m] Started ACPI Events Check.
[[0;32m  OK  [0m] Listening on ACPID Listen Socket.
[[0;32m  OK  [0m] Started Daily Cleanup of Temporary Directories.
         Starting Socket activation for snappy daemon.
         Starting LXD - unix socket.
[[0;32m  OK  [0m] Started Discard unused blocks once a week.
[[0;32m  OK  [0m] Started Daily apt download activities.
[[0;32m  OK  [0m] Started Daily apt upgrade and clean activities.
[[0;32m  OK  [0m] Reached target Paths.
[[0;32m  OK  [0m] Listening on Open-iSCSI iscsid Socket.
[[0;32m  OK  [0m] Reached target Timers.
[[0;32m  OK  [0m] Started Availability of block devices.
[[0;32m  OK  [0m] Listening on Socket activation for snappy daemon.
[[0;32m  OK  [0m] Listening on LXD - unix socket.
[[0;32m  OK  [0m] Reached target Sockets.
[[0;32m  OK  [0m] Reached target Basic System.
         Starting LSB: automatic crash report generation...
         Starting LXD - container startup/shutdown...
         Starting System Logging Service...
         Starting Login Service...
         Starting Accounts Service...
[[0;32m  OK  [0m] Started D-Bus System Message Bus.
[[0;32m  OK  [0m] Started Regular background program processing daemon.
         Starting Virtualbox guest utils...
         Starting Dispatcher daemon for systemd-networkd...
         Starting Pollinate to seed the pseudo random number generator...
         Starting Permit User Sessions...
[[0;32m  OK  [0m] Started irqbalance daemon.
[[0;32m  OK  [0m] Started Deferred execution scheduler.
         Starting LSB: Record successful boot for GRUB...
[[0;32m  OK  [0m] Started FUSE filesystem for LXC.
         Starting Snap Daemon...
[[0;32m  OK  [0m] Started System Logging Service.
[[0;32m  OK  [0m] Started LXD - container startup/shutdown.
[[0;32m  OK  [0m] Started Permit User Sessions.
[[0;32m  OK  [0m] Started Login Service.
         Starting Authorization Manager...
[[0;32m  OK  [0m] Started Unattended Upgrades Shutdown.
         Starting Hold until boot process finishes up...
         Starting Terminate Plymouth Boot Screen...
[[0;32m  OK  [0m] Started Hold until boot process finishes up.
         Starting Set console scheme...
[[0;32m  OK  [0m] Started Serial Getty on ttyS0.
[[0;32m  OK  [0m] Started Terminate Plymouth Boot Screen.
[[0;32m  OK  [0m] Started LSB: automatic crash report generation.
[[0;32m  OK  [0m] Started LSB: Record successful boot for GRUB.
[[0;32m  OK  [0m] Started Set console scheme.
[[0;32m  OK  [0m] Created slice system-getty.slice.
[[0;32m  OK  [0m] Started Getty on tty1.
[[0;32m  OK  [0m] Reached target Login Prompts.
[[0;32m  OK  [0m] Started Authorization Manager.
[[0;32m  OK  [0m] Started Accounts Service.
[[0;32m  OK  [0m] Started Virtualbox guest utils.
[[0;32m  OK  [0m] Started Dispatcher daemon for systemd-networkd.
[[0;32m  OK  [0m] Started Snap Daemon.
         Starting Wait until snapd is fully seeded...
[[0;32m  OK  [0m] Started Pollinate to seed the pseudo random number generator.
         Starting OpenBSD Secure Shell server...
[[0;32m  OK  [0m] Started OpenBSD Secure Shell server.
[[0;32m  OK  [0m] Created slice User Slice of vagrant.
         Starting User Manager for UID 1000...
[[0;32m  OK  [0m] Started Session 1 of user vagrant.
[[0;32m  OK  [0m] Started User Manager for UID 1000.
[[0;32m  OK  [0m] Started Wait until snapd is fully seeded.
         Starting Apply the settings specified in cloud-config...
[[0;32m  OK  [0m] Reached target Multi-User System.
[[0;32m  OK  [0m] Reached target Graphical Interface.
         Starting Update UTMP about System Runlevel Changes...
[[0;32m  OK  [0m] Started Update UTMP about System Runlevel Changes.
[   14.030596] cloud-init[1331]: Cloud-init v. 20.3-2-g371b392c-0ubuntu1~18.04.1 running 'modules:config' at Tue, 24 Nov 2020 10:52:20 +0000. Up 13.62 seconds.
[[0;32m  OK  [0m] Started Apply the settings specified in cloud-config.
         Starting Execute cloud user/final scripts...
ci-info: no authorized SSH keys fingerprints found for user ubuntu.
<14>Nov 24 10:52:21 ec2: 
<14>Nov 24 10:52:21 ec2: #############################################################
<14>Nov 24 10:52:21 ec2: -----BEGIN SSH HOST KEY FINGERPRINTS-----
<14>Nov 24 10:52:21 ec2: 1024 SHA256:K3Pm8ly33p91wem+bJmg0cXDwX111sKjLSeA2jxh1VQ root@ubuntu-bionic (DSA)
<14>Nov 24 10:52:21 ec2: 256 SHA256:38zvfpy5PMU9gDMGH0r707KvVONO8ZRKOPCigK6yITI root@ubuntu-bionic (ECDSA)
<14>Nov 24 10:52:21 ec2: 256 SHA256:vOyFNdZlnR2iLozM0O+CfX07ljGu13Ik5LuX67k0J4U root@ubuntu-bionic (ED25519)
<14>Nov 24 10:52:21 ec2: 2048 SHA256:wfqxFyk7KqheJqgNnjaOEruyK0pEzKgdIss2/bjvYj4 root@ubuntu-bionic (RSA)
<14>Nov 24 10:52:21 ec2: -----END SSH HOST KEY FINGERPRINTS-----
<14>Nov 24 10:52:21 ec2: #############################################################
-----BEGIN SSH HOST KEY KEYS-----
ecdsa-sha2-nistp256 AAAAE2VjZHNhLXNoYTItbmlzdHAyNTYAAAAIbmlzdHAyNTYAAABBBMPwXtNo3ElZWaHmLZdKIws8sAMPy2DNHjvULWUWvPTo/O+m1w0BweTxsZcdyJXWhOBBPs1FouPm6Z7FLrqLjxw= root@ubuntu-bionic
ssh-ed25519 AAAAC3NzaC1lZDI1NTE5AAAAIOu+BeM3W3eLnRX37N0Il7pxOvqwfnpgBn0CmIBpogWB root@ubuntu-bionic
ssh-rsa AAAAB3NzaC1yc2EAAAADAQABAAABAQDhrNNDRwhNnDJsEn94gXiZSKY4QYdOcsVrcablIJildAB3ZaVqH/tc+FL2aFjHwrbG18+pJ0gMBb5SnNifkUItIpKP6n4tAOF6QY+1BIcJZRmwJL7LmijhVbaY8kmAbMmZLSpFRHzv+YVijOZLMLWnfd/Ef46urOfaPXX5mF3dwudzunQG+ClBq/9AOQrTgE+EgM5KrrQ/RmAQ0CPQ44nD5fTEcPN9eSGulZQAge0LCb6shzpT5cCUDVJV+VqmQT1CYnOHzNjZp3ZmNa21CekpiGRdOTcZpRzLmIsOCpTWBUhKTHmNW+4xthTxkmYVGnUMHclNTuwhX5F3ed+QGRE9 root@ubuntu-bionic
-----END SSH HOST KEY KEYS-----
[   14.569525] cloud-init[1494]: Cloud-init v. 20.3-2-g371b392c-0ubuntu1~18.04.1 running 'modules:final' at Tue, 24 Nov 2020 10:52:21 +0000. Up 14.40 seconds.
[   14.572217] cloud-init[1494]: ci-info: no authorized SSH keys fingerprints found for user ubuntu.
[   14.573684] cloud-init[1494]: Cloud-init v. 20.3-2-g371b392c-0ubuntu1~18.04.1 finished at Tue, 24 Nov 2020 10:52:21 +0000. Datasource DataSourceNoCloud [seed=/dev/sdb][dsmode=net].  Up 14.56 seconds
         Stopping User Manager for UID 1000...
[[0;32m  OK  [0m] Stopped User Manager for UID 1000.
[[0;32m  OK  [0m] Removed slice User Slice of vagrant.
[[0;32m  OK  [0m] Started Execute cloud user/final scripts.
[[0;32m  OK  [0m] Reached target Cloud-init target.

Ubuntu 18.04.5 LTS ubuntu-bionic ttyS0

ubuntu-bionic login: 